<?xml version="1.0" encoding="UTF-8"?>

<testsuite name="testSuites.NewTestSuite.tests.NewTestCase" errors="0" failures="1" tests="1" time="7.861"> 
  <properties/>  
  <testcase name="NewTest" time="7.861" className="testSuites.NewTestSuite.tests.NewTestCase"> 
    <failure message="New Verify Property enabled - expected:&lt;true&gt; but was:&lt;false&gt;" type="net.digitalprimates.fluint.assertion::AssertionFailedError">Error: New Verify Property enabled - expected:&lt;true&gt; but was:&lt;false&gt; at net.digitalprimates.fluint.tests::TestCase/failWithUserMessage()[/Users/grroggy/Documents/FlexMonkeyGoogleCodeTest/fluint/src/main/flex/net/digitalprimates/fluint/tests/TestCase.as:960] at net.digitalprimates.fluint.tests::TestCase/failNotEquals()[/Users/grroggy/Documents/FlexMonkeyGoogleCodeTest/fluint/src/main/flex/net/digitalprimates/fluint/tests/TestCase.as:840] at net.digitalprimates.fluint.tests::TestCase/assertEquals()[/Users/grroggy/Documents/FlexMonkeyGoogleCodeTest/fluint/src/main/flex/net/digitalprimates/fluint/tests/TestCase.as:829] at com.gorillalogic.flexmonkey.flexunit.tests::MonkeyFlexUnitTestCase/checkCommandResults()[/Users/grroggy/Documents/FlexMonkeyGoogleCodeTest/MonkeyFlexUnitLibrary/src/com/gorillalogic/flexmonkey/flexunit/tests/MonkeyFlexUnitTestCase.as:61] at testSuites.NewTestSuite.tests::NewTestCase/mtNewTestComplete()[/Users/grroggy/Documents/FlexMonkeyGoogleCodeTest/MonkeyContactsMonkeyLinkedCodeGenExample/src/testSuites/NewTestSuite/tests/NewTestCase.as:49] at Function/http://adobe.com/AS3/2006/builtin::apply() at net.digitalprimates.fluint.tests::TestCase/protect()[/Users/grroggy/Documents/FlexMonkeyGoogleCodeTest/fluint/src/main/flex/net/digitalprimates/fluint/tests/TestCase.as:313] at net.digitalprimates.fluint.tests::TestCase/handleAsyncEventFired()[/Users/grroggy/Documents/FlexMonkeyGoogleCodeTest/fluint/src/main/flex/net/digitalprimates/fluint/tests/TestCase.as:245] at flash.events::EventDispatcher/dispatchEventFunction() at flash.events::EventDispatcher/dispatchEvent() at net.digitalprimates.fluint.async::AsyncHandler/handleEvent()[/Users/grroggy/Documents/FlexMonkeyGoogleCodeTest/fluint/src/main/flex/net/digitalprimates/fluint/async/AsyncHandler.as:166] at flash.events::EventDispatcher/dispatchEventFunction() at flash.events::EventDispatcher/dispatchEvent() at com.gorillalogic.flexmonkey.monkeyCommands::MonkeyCommandRunner/playingCompleteHandler()[/Users/grroggy/Documents/FlexMonkeyGoogleCodeTest/AirMonkeyLibrary/src/com/gorillalogic/flexmonkey/monkeyCommands/MonkeyCommandRunner.as:124] at flash.events::EventDispatcher/dispatchEventFunction() at flash.events::EventDispatcher/dispatchEvent() at com.gorillalogic.flexmonkey.core::MonkeyTest/runEngineComplete()[/Users/grroggy/Documents/FlexMonkeyGoogleCodeTest/AirMonkeyLibrary/src/com/gorillalogic/flexmonkey/core/MonkeyTest.as:118] at flash.events::EventDispatcher/dispatchEventFunction() at flash.events::EventDispatcher/dispatchEvent() at com.gorillalogic.flexmonkey.monkeyCommands::MonkeyRunnerEngine/testComplete()[/Users/grroggy/Documents/FlexMonkeyGoogleCodeTest/AirMonkeyLibrary/src/com/gorillalogic/flexmonkey/monkeyCommands/MonkeyRunnerEngine.as:103] at com.gorillalogic.flexmonkey.monkeyCommands::MonkeyRunnerEngine/runCommand()[/Users/grroggy/Documents/FlexMonkeyGoogleCodeTest/AirMonkeyLibrary/src/com/gorillalogic/flexmonkey/monkeyCommands/MonkeyRunnerEngine.as:57] at flash.events::EventDispatcher/dispatchEventFunction() at flash.events::EventDispatcher/dispatchEvent() at flash.utils::Timer/tick()</failure> 
  </testcase> 
</testsuite>
